mode: set
proto.zip/studio/validate/pkg/rules/any.go:33.24,35.2 1 0
proto.zip/studio/validate/pkg/rules/any.go:38.38,40.2 1 0
proto.zip/studio/validate/pkg/rules/any.go:44.49,52.2 1 0
proto.zip/studio/validate/pkg/rules/any.go:56.50,64.2 1 0
proto.zip/studio/validate/pkg/rules/any.go:69.44,77.2 1 0
proto.zip/studio/validate/pkg/rules/any.go:81.101,83.85 1 0
proto.zip/studio/validate/pkg/rules/any.go:83.85,85.3 1 0
proto.zip/studio/validate/pkg/rules/any.go:87.2,88.16 2 0
proto.zip/studio/validate/pkg/rules/any.go:88.16,90.3 1 0
proto.zip/studio/validate/pkg/rules/any.go:93.2,94.44 2 0
proto.zip/studio/validate/pkg/rules/any.go:94.44,98.3 1 0
proto.zip/studio/validate/pkg/rules/any.go:101.2,107.49 3 0
proto.zip/studio/validate/pkg/rules/any.go:107.49,110.3 2 0
proto.zip/studio/validate/pkg/rules/any.go:112.2,114.3 1 0
proto.zip/studio/validate/pkg/rules/any.go:119.96,120.17 1 0
proto.zip/studio/validate/pkg/rules/any.go:120.17,122.3 1 0
proto.zip/studio/validate/pkg/rules/any.go:124.2,129.28 4 0
proto.zip/studio/validate/pkg/rules/any.go:129.28,130.33 1 0
proto.zip/studio/validate/pkg/rules/any.go:130.33,132.18 2 0
proto.zip/studio/validate/pkg/rules/any.go:132.18,134.5 1 0
proto.zip/studio/validate/pkg/rules/any.go:137.3,137.41 1 0
proto.zip/studio/validate/pkg/rules/any.go:140.2,140.25 1 0
proto.zip/studio/validate/pkg/rules/any.go:140.25,142.3 1 0
proto.zip/studio/validate/pkg/rules/any.go:142.8,144.3 1 0
proto.zip/studio/validate/pkg/rules/any.go:149.59,157.2 1 0
proto.zip/studio/validate/pkg/rules/any.go:161.67,163.2 1 0
proto.zip/studio/validate/pkg/rules/any.go:166.41,168.2 1 0
proto.zip/studio/validate/pkg/rules/any.go:171.44,174.17 2 0
proto.zip/studio/validate/pkg/rules/any.go:174.17,175.26 1 0
proto.zip/studio/validate/pkg/rules/any.go:175.26,177.4 1 0
proto.zip/studio/validate/pkg/rules/any.go:180.2,180.27 1 0
proto.zip/studio/validate/pkg/rules/any.go:180.27,182.3 1 0
proto.zip/studio/validate/pkg/rules/any.go:183.2,183.14 1 0
proto.zip/studio/validate/pkg/rules/conflict.go:8.49,10.2 1 0
proto.zip/studio/validate/pkg/rules/constant.go:30.58,34.26 3 0
proto.zip/studio/validate/pkg/rules/constant.go:34.26,38.3 3 0
proto.zip/studio/validate/pkg/rules/constant.go:38.8,38.48 1 0
proto.zip/studio/validate/pkg/rules/constant.go:38.48,40.3 1 0
proto.zip/studio/validate/pkg/rules/constant.go:40.8,43.3 2 0
proto.zip/studio/validate/pkg/rules/constant.go:45.2,45.38 1 0
proto.zip/studio/validate/pkg/rules/constant.go:45.38,47.3 1 0
proto.zip/studio/validate/pkg/rules/constant.go:49.2,52.26 2 0
proto.zip/studio/validate/pkg/rules/constant.go:56.52,58.2 1 0
proto.zip/studio/validate/pkg/rules/constant.go:62.71,63.22 1 0
proto.zip/studio/validate/pkg/rules/constant.go:63.22,65.3 1 0
proto.zip/studio/validate/pkg/rules/constant.go:67.2,71.3 1 0
proto.zip/studio/validate/pkg/rules/constant.go:77.66,83.2 1 0
proto.zip/studio/validate/pkg/rules/constant.go:87.115,89.91 1 0
proto.zip/studio/validate/pkg/rules/constant.go:89.91,91.3 1 0
proto.zip/studio/validate/pkg/rules/constant.go:94.2,95.9 2 0
proto.zip/studio/validate/pkg/rules/constant.go:95.9,98.3 1 0
proto.zip/studio/validate/pkg/rules/constant.go:101.2,102.117 2 0
proto.zip/studio/validate/pkg/rules/constant.go:102.117,105.3 1 0
proto.zip/studio/validate/pkg/rules/constant.go:108.2,111.33 2 0
proto.zip/studio/validate/pkg/rules/constant.go:115.108,116.28 1 0
proto.zip/studio/validate/pkg/rules/constant.go:116.28,118.3 1 0
proto.zip/studio/validate/pkg/rules/constant.go:119.2,119.12 1 0
proto.zip/studio/validate/pkg/rules/constant.go:123.65,125.2 1 0
proto.zip/studio/validate/pkg/rules/constant.go:128.55,130.2 1 0
proto.zip/studio/validate/pkg/rules/constant.go:133.52,135.22 2 0
proto.zip/studio/validate/pkg/rules/constant.go:135.22,137.3 1 0
proto.zip/studio/validate/pkg/rules/constant.go:138.2,138.12 1 0
proto.zip/studio/validate/pkg/rules/constant.go:142.46,144.2 1 0
proto.zip/studio/validate/pkg/rules/counter.go:18.28,22.2 3 0
proto.zip/studio/validate/pkg/rules/counter.go:25.31,29.2 3 0
proto.zip/studio/validate/pkg/rules/counter.go:32.26,34.2 1 0
proto.zip/studio/validate/pkg/rules/counter.go:38.28,43.16 4 0
proto.zip/studio/validate/pkg/rules/counter.go:43.16,45.3 1 0
proto.zip/studio/validate/pkg/rules/counter.go:45.8,45.22 1 0
proto.zip/studio/validate/pkg/rules/counter.go:45.22,46.56 1 0
proto.zip/studio/validate/pkg/rules/counter.go:52.26,55.18 3 0
proto.zip/studio/validate/pkg/rules/counter.go:55.18,57.3 1 0
proto.zip/studio/validate/pkg/rules/counter.go:67.53,71.2 1 0
proto.zip/studio/validate/pkg/rules/counter.go:75.45,79.44 3 0
proto.zip/studio/validate/pkg/rules/counter.go:79.44,81.3 1 0
proto.zip/studio/validate/pkg/rules/counter.go:82.2,82.30 1 0
proto.zip/studio/validate/pkg/rules/counter.go:86.40,90.43 3 0
proto.zip/studio/validate/pkg/rules/counter.go:90.43,92.3 1 0
proto.zip/studio/validate/pkg/rules/counter.go:96.42,100.43 3 0
proto.zip/studio/validate/pkg/rules/counter.go:100.43,102.3 1 0
proto.zip/studio/validate/pkg/rules/counter.go:107.54,111.34 3 0
proto.zip/studio/validate/pkg/rules/counter.go:111.34,112.33 1 0
proto.zip/studio/validate/pkg/rules/counter.go:112.33,113.38 1 0
proto.zip/studio/validate/pkg/rules/counter.go:113.38,115.5 1 0
proto.zip/studio/validate/pkg/rules/counter.go:118.2,118.17 1 0
proto.zip/studio/validate/pkg/rules/float.go:41.39,43.2 1 1
proto.zip/studio/validate/pkg/rules/float.go:46.39,48.2 1 1
proto.zip/studio/validate/pkg/rules/float.go:55.57,66.2 1 1
proto.zip/studio/validate/pkg/rules/float.go:69.43,71.2 1 1
proto.zip/studio/validate/pkg/rules/float.go:75.59,86.2 1 1
proto.zip/studio/validate/pkg/rules/float.go:91.54,102.2 1 1
proto.zip/studio/validate/pkg/rules/float.go:106.110,108.85 1 1
proto.zip/studio/validate/pkg/rules/float.go:108.85,110.3 1 1
proto.zip/studio/validate/pkg/rules/float.go:113.2,114.58 2 1
proto.zip/studio/validate/pkg/rules/float.go:114.58,118.3 1 1
proto.zip/studio/validate/pkg/rules/float.go:121.2,122.26 2 1
proto.zip/studio/validate/pkg/rules/float.go:122.26,124.3 1 1
proto.zip/studio/validate/pkg/rules/float.go:127.2,127.32 1 1
proto.zip/studio/validate/pkg/rules/float.go:127.32,131.21 3 1
proto.zip/studio/validate/pkg/rules/float.go:132.21,133.43 1 1
proto.zip/studio/validate/pkg/rules/float.go:134.19,135.42 1 1
proto.zip/studio/validate/pkg/rules/float.go:136.23,137.43 1 1
proto.zip/studio/validate/pkg/rules/float.go:138.25,139.49 1 1
proto.zip/studio/validate/pkg/rules/float.go:142.3,143.29 2 1
proto.zip/studio/validate/pkg/rules/float.go:147.2,155.41 4 1
proto.zip/studio/validate/pkg/rules/float.go:155.41,158.3 2 1
proto.zip/studio/validate/pkg/rules/float.go:158.8,158.98 1 1
proto.zip/studio/validate/pkg/rules/float.go:158.98,160.25 1 1
proto.zip/studio/validate/pkg/rules/float.go:160.25,164.4 3 1
proto.zip/studio/validate/pkg/rules/float.go:164.9,166.4 1 1
proto.zip/studio/validate/pkg/rules/float.go:167.3,167.20 1 1
proto.zip/studio/validate/pkg/rules/float.go:168.8,170.62 1 1
proto.zip/studio/validate/pkg/rules/float.go:170.62,175.3 2 1
proto.zip/studio/validate/pkg/rules/float.go:178.2,178.17 1 1
proto.zip/studio/validate/pkg/rules/float.go:178.17,182.3 1 1
proto.zip/studio/validate/pkg/rules/float.go:184.2,186.89 2 1
proto.zip/studio/validate/pkg/rules/float.go:186.89,187.33 1 1
proto.zip/studio/validate/pkg/rules/float.go:187.33,188.70 1 1
proto.zip/studio/validate/pkg/rules/float.go:188.70,190.5 1 1
proto.zip/studio/validate/pkg/rules/float.go:194.2,194.25 1 1
proto.zip/studio/validate/pkg/rules/float.go:194.25,196.3 1 1
proto.zip/studio/validate/pkg/rules/float.go:197.2,197.12 1 1
proto.zip/studio/validate/pkg/rules/float.go:201.99,204.2 2 1
proto.zip/studio/validate/pkg/rules/float.go:208.75,209.25 1 1
proto.zip/studio/validate/pkg/rules/float.go:209.25,212.34 1 1
proto.zip/studio/validate/pkg/rules/float.go:212.34,214.4 1 1
proto.zip/studio/validate/pkg/rules/float.go:218.2,218.27 1 1
proto.zip/studio/validate/pkg/rules/float.go:218.27,220.3 1 1
proto.zip/studio/validate/pkg/rules/float.go:222.2,224.33 2 1
proto.zip/studio/validate/pkg/rules/float.go:224.33,226.3 1 1
proto.zip/studio/validate/pkg/rules/float.go:228.2,238.3 1 1
proto.zip/studio/validate/pkg/rules/float.go:243.73,254.2 1 1
proto.zip/studio/validate/pkg/rules/float.go:258.75,260.2 1 1
proto.zip/studio/validate/pkg/rules/float.go:264.46,266.2 1 1
proto.zip/studio/validate/pkg/rules/float.go:270.45,272.2 1 1
proto.zip/studio/validate/pkg/rules/float.go:275.49,278.40 2 1
proto.zip/studio/validate/pkg/rules/float.go:278.40,280.3 1 1
proto.zip/studio/validate/pkg/rules/float.go:282.2,282.27 1 1
proto.zip/studio/validate/pkg/rules/float.go:282.27,284.3 1 1
proto.zip/studio/validate/pkg/rules/float.go:285.2,285.14 1 1
proto.zip/studio/validate/pkg/rules/inerface.go:26.46,30.2 1 0
proto.zip/studio/validate/pkg/rules/inerface.go:43.140,51.2 1 0
proto.zip/studio/validate/pkg/rules/inerface.go:54.47,56.2 1 0
proto.zip/studio/validate/pkg/rules/inerface.go:60.67,61.16 1 0
proto.zip/studio/validate/pkg/rules/inerface.go:61.16,63.3 1 0
proto.zip/studio/validate/pkg/rules/inerface.go:65.2,70.3 1 0
proto.zip/studio/validate/pkg/rules/inerface.go:76.62,84.2 1 0
proto.zip/studio/validate/pkg/rules/inerface.go:88.120,90.91 1 0
proto.zip/studio/validate/pkg/rules/inerface.go:90.91,92.3 1 0
proto.zip/studio/validate/pkg/rules/inerface.go:95.2,96.58 2 0
proto.zip/studio/validate/pkg/rules/inerface.go:96.58,100.3 1 0
proto.zip/studio/validate/pkg/rules/inerface.go:103.2,103.28 1 0
proto.zip/studio/validate/pkg/rules/inerface.go:103.28,105.63 2 0
proto.zip/studio/validate/pkg/rules/inerface.go:105.63,109.4 1 0
proto.zip/studio/validate/pkg/rules/inerface.go:110.3,111.34 2 0
proto.zip/studio/validate/pkg/rules/inerface.go:115.2,115.79 1 0
proto.zip/studio/validate/pkg/rules/inerface.go:115.79,116.29 1 0
proto.zip/studio/validate/pkg/rules/inerface.go:116.29,117.76 1 0
proto.zip/studio/validate/pkg/rules/inerface.go:117.76,118.20 1 0
proto.zip/studio/validate/pkg/rules/inerface.go:118.20,120.6 1 0
proto.zip/studio/validate/pkg/rules/inerface.go:121.5,122.36 2 0
proto.zip/studio/validate/pkg/rules/inerface.go:128.2,134.3 1 0
proto.zip/studio/validate/pkg/rules/inerface.go:138.103,144.28 4 0
proto.zip/studio/validate/pkg/rules/inerface.go:144.28,145.33 1 0
proto.zip/studio/validate/pkg/rules/inerface.go:145.33,147.18 2 0
proto.zip/studio/validate/pkg/rules/inerface.go:147.18,149.5 1 0
proto.zip/studio/validate/pkg/rules/inerface.go:152.3,152.41 1 0
proto.zip/studio/validate/pkg/rules/inerface.go:155.2,155.25 1 0
proto.zip/studio/validate/pkg/rules/inerface.go:155.25,157.3 1 0
proto.zip/studio/validate/pkg/rules/inerface.go:157.8,159.3 1 0
proto.zip/studio/validate/pkg/rules/inerface.go:166.75,174.2 1 0
proto.zip/studio/validate/pkg/rules/inerface.go:180.83,182.2 1 0
proto.zip/studio/validate/pkg/rules/inerface.go:185.50,187.2 1 0
proto.zip/studio/validate/pkg/rules/inerface.go:190.53,193.17 2 0
proto.zip/studio/validate/pkg/rules/inerface.go:193.17,194.26 1 0
proto.zip/studio/validate/pkg/rules/inerface.go:194.26,196.4 1 0
proto.zip/studio/validate/pkg/rules/inerface.go:199.2,199.27 1 0
proto.zip/studio/validate/pkg/rules/inerface.go:199.27,201.3 1 0
proto.zip/studio/validate/pkg/rules/inerface.go:202.2,202.14 1 0
proto.zip/studio/validate/pkg/rules/int.go:80.29,82.2 1 1
proto.zip/studio/validate/pkg/rules/int.go:85.31,87.2 1 0
proto.zip/studio/validate/pkg/rules/int.go:90.31,92.2 1 0
proto.zip/studio/validate/pkg/rules/int.go:95.33,97.2 1 0
proto.zip/studio/validate/pkg/rules/int.go:100.33,102.2 1 0
proto.zip/studio/validate/pkg/rules/int.go:105.35,107.2 1 0
proto.zip/studio/validate/pkg/rules/int.go:110.33,112.2 1 0
proto.zip/studio/validate/pkg/rules/int.go:115.35,117.2 1 0
proto.zip/studio/validate/pkg/rules/int.go:120.33,122.2 1 0
proto.zip/studio/validate/pkg/rules/int.go:125.35,127.2 1 0
proto.zip/studio/validate/pkg/rules/int.go:134.53,144.2 1 0
proto.zip/studio/validate/pkg/rules/int.go:152.59,162.2 1 0
proto.zip/studio/validate/pkg/rules/int.go:165.41,167.2 1 0
proto.zip/studio/validate/pkg/rules/int.go:171.55,181.2 1 0
proto.zip/studio/validate/pkg/rules/int.go:186.50,196.2 1 0
proto.zip/studio/validate/pkg/rules/int.go:200.114,202.91 1 1
proto.zip/studio/validate/pkg/rules/int.go:202.91,204.3 1 0
proto.zip/studio/validate/pkg/rules/int.go:207.2,208.58 2 1
proto.zip/studio/validate/pkg/rules/int.go:208.58,212.3 1 0
proto.zip/studio/validate/pkg/rules/int.go:215.2,216.26 2 1
proto.zip/studio/validate/pkg/rules/int.go:216.26,218.3 1 1
proto.zip/studio/validate/pkg/rules/int.go:221.2,229.41 4 1
proto.zip/studio/validate/pkg/rules/int.go:229.41,232.3 2 0
proto.zip/studio/validate/pkg/rules/int.go:232.8,232.98 1 1
proto.zip/studio/validate/pkg/rules/int.go:232.98,234.25 1 0
proto.zip/studio/validate/pkg/rules/int.go:234.25,238.4 3 0
proto.zip/studio/validate/pkg/rules/int.go:238.9,240.4 1 0
proto.zip/studio/validate/pkg/rules/int.go:241.3,241.20 1 0
proto.zip/studio/validate/pkg/rules/int.go:242.8,245.98 1 1
proto.zip/studio/validate/pkg/rules/int.go:245.98,250.3 2 1
proto.zip/studio/validate/pkg/rules/int.go:253.2,253.17 1 1
proto.zip/studio/validate/pkg/rules/int.go:253.17,257.3 1 0
proto.zip/studio/validate/pkg/rules/int.go:259.2,261.95 2 1
proto.zip/studio/validate/pkg/rules/int.go:261.95,262.33 1 1
proto.zip/studio/validate/pkg/rules/int.go:262.33,263.68 1 0
proto.zip/studio/validate/pkg/rules/int.go:263.68,265.5 1 0
proto.zip/studio/validate/pkg/rules/int.go:269.2,269.25 1 1
proto.zip/studio/validate/pkg/rules/int.go:269.25,271.3 1 0
proto.zip/studio/validate/pkg/rules/int.go:272.2,272.12 1 1
proto.zip/studio/validate/pkg/rules/int.go:276.97,279.89 2 0
proto.zip/studio/validate/pkg/rules/int.go:279.89,280.33 1 0
proto.zip/studio/validate/pkg/rules/int.go:280.33,281.67 1 0
proto.zip/studio/validate/pkg/rules/int.go:281.67,283.5 1 0
proto.zip/studio/validate/pkg/rules/int.go:287.2,287.25 1 0
proto.zip/studio/validate/pkg/rules/int.go:287.25,289.3 1 0
proto.zip/studio/validate/pkg/rules/int.go:289.8,291.3 1 0
proto.zip/studio/validate/pkg/rules/int.go:296.77,297.25 1 0
proto.zip/studio/validate/pkg/rules/int.go:297.25,300.34 1 0
proto.zip/studio/validate/pkg/rules/int.go:300.34,302.4 1 0
proto.zip/studio/validate/pkg/rules/int.go:306.2,306.27 1 0
proto.zip/studio/validate/pkg/rules/int.go:306.27,308.3 1 0
proto.zip/studio/validate/pkg/rules/int.go:310.2,312.33 2 0
proto.zip/studio/validate/pkg/rules/int.go:312.33,314.3 1 0
proto.zip/studio/validate/pkg/rules/int.go:316.2,325.3 1 0
proto.zip/studio/validate/pkg/rules/int.go:330.69,340.2 1 0
proto.zip/studio/validate/pkg/rules/int.go:344.71,346.2 1 0
proto.zip/studio/validate/pkg/rules/int.go:350.44,352.2 1 0
proto.zip/studio/validate/pkg/rules/int.go:356.43,358.2 1 1
proto.zip/studio/validate/pkg/rules/int.go:361.47,364.40 2 0
proto.zip/studio/validate/pkg/rules/int.go:364.40,366.3 1 0
proto.zip/studio/validate/pkg/rules/int.go:368.2,368.27 1 0
proto.zip/studio/validate/pkg/rules/int.go:368.27,370.3 1 0
proto.zip/studio/validate/pkg/rules/int.go:371.2,371.14 1 0
proto.zip/studio/validate/pkg/rules/knownKeys.go:24.61,25.11 1 0
proto.zip/studio/validate/pkg/rules/knownKeys.go:25.11,27.3 1 0
proto.zip/studio/validate/pkg/rules/knownKeys.go:28.2,28.25 1 0
proto.zip/studio/validate/pkg/rules/knownKeys.go:32.37,33.19 1 0
proto.zip/studio/validate/pkg/rules/knownKeys.go:33.19,35.3 1 0
proto.zip/studio/validate/pkg/rules/knownKeys.go:39.45,42.2 2 0
proto.zip/studio/validate/pkg/rules/knownKeys.go:49.108,53.19 2 0
proto.zip/studio/validate/pkg/rules/knownKeys.go:53.19,55.3 1 0
proto.zip/studio/validate/pkg/rules/knownKeys.go:57.2,58.26 2 0
proto.zip/studio/validate/pkg/rules/knownKeys.go:58.26,61.3 2 0
proto.zip/studio/validate/pkg/rules/knownKeys.go:62.2,62.13 1 0
proto.zip/studio/validate/pkg/rules/knownKeys.go:66.61,70.40 2 0
proto.zip/studio/validate/pkg/rules/knownKeys.go:70.40,72.24 2 0
proto.zip/studio/validate/pkg/rules/knownKeys.go:72.24,74.4 1 0
proto.zip/studio/validate/pkg/rules/knownKeys.go:77.2,77.12 1 0
proto.zip/studio/validate/pkg/rules/number_coerce.go:17.129,19.27 2 0
proto.zip/studio/validate/pkg/rules/number_coerce.go:19.27,21.3 1 0
proto.zip/studio/validate/pkg/rules/number_coerce.go:22.2,22.20 1 0
proto.zip/studio/validate/pkg/rules/number_coerce.go:27.140,33.18 4 1
proto.zip/studio/validate/pkg/rules/number_coerce.go:34.20,35.43 1 0
proto.zip/studio/validate/pkg/rules/number_coerce.go:36.18,37.42 1 0
proto.zip/studio/validate/pkg/rules/number_coerce.go:38.22,39.43 1 0
proto.zip/studio/validate/pkg/rules/number_coerce.go:40.24,41.49 1 0
proto.zip/studio/validate/pkg/rules/number_coerce.go:42.10,45.57 2 1
proto.zip/studio/validate/pkg/rules/number_coerce.go:45.57,47.4 1 1
proto.zip/studio/validate/pkg/rules/number_coerce.go:50.2,52.31 2 1
proto.zip/studio/validate/pkg/rules/number_coerce.go:52.31,54.3 1 0
proto.zip/studio/validate/pkg/rules/number_coerce.go:56.2,56.20 1 1
proto.zip/studio/validate/pkg/rules/number_coerce.go:60.63,63.18 2 0
proto.zip/studio/validate/pkg/rules/number_coerce.go:64.83,66.25 2 0
proto.zip/studio/validate/pkg/rules/number_coerce.go:67.10,69.25 2 0
proto.zip/studio/validate/pkg/rules/number_coerce.go:74.53,77.18 2 1
proto.zip/studio/validate/pkg/rules/number_coerce.go:78.83,79.49 1 0
proto.zip/studio/validate/pkg/rules/number_coerce.go:80.10,81.47 1 1
proto.zip/studio/validate/pkg/rules/number_coerce.go:89.72,99.47 5 1
proto.zip/studio/validate/pkg/rules/number_coerce.go:99.47,100.53 1 1
proto.zip/studio/validate/pkg/rules/number_coerce.go:100.53,102.4 1 1
proto.zip/studio/validate/pkg/rules/number_coerce.go:103.3,103.59 1 1
proto.zip/studio/validate/pkg/rules/number_coerce.go:103.59,105.4 1 1
proto.zip/studio/validate/pkg/rules/number_coerce.go:109.2,109.26 1 1
proto.zip/studio/validate/pkg/rules/number_coerce.go:109.26,112.3 2 1
proto.zip/studio/validate/pkg/rules/number_coerce.go:115.2,115.28 1 1
proto.zip/studio/validate/pkg/rules/number_coerce.go:115.28,118.3 2 1
proto.zip/studio/validate/pkg/rules/number_coerce.go:122.2,123.16 2 1
proto.zip/studio/validate/pkg/rules/number_coerce.go:123.16,125.3 1 1
proto.zip/studio/validate/pkg/rules/number_coerce.go:127.2,127.62 1 1
proto.zip/studio/validate/pkg/rules/number_coerce.go:131.41,133.18 2 1
proto.zip/studio/validate/pkg/rules/number_coerce.go:133.18,135.3 1 1
proto.zip/studio/validate/pkg/rules/number_coerce.go:138.2,139.52 2 1
proto.zip/studio/validate/pkg/rules/number_coerce.go:139.52,141.3 1 1
proto.zip/studio/validate/pkg/rules/number_coerce.go:144.2,144.27 1 1
proto.zip/studio/validate/pkg/rules/number_coerce.go:144.27,146.3 1 1
proto.zip/studio/validate/pkg/rules/number_coerce.go:148.2,148.26 1 1
proto.zip/studio/validate/pkg/rules/number_coerce.go:153.43,155.2 1 1
proto.zip/studio/validate/pkg/rules/number_coerce.go:158.124,159.20 1 0
proto.zip/studio/validate/pkg/rules/number_coerce.go:159.20,161.3 1 0
proto.zip/studio/validate/pkg/rules/number_coerce.go:163.2,163.35 1 0
proto.zip/studio/validate/pkg/rules/number_coerce.go:163.35,167.17 3 0
proto.zip/studio/validate/pkg/rules/number_coerce.go:167.17,168.55 1 0
proto.zip/studio/validate/pkg/rules/number_coerce.go:168.55,170.5 1 0
proto.zip/studio/validate/pkg/rules/number_coerce.go:172.4,172.72 1 0
proto.zip/studio/validate/pkg/rules/number_coerce.go:174.3,174.25 1 0
proto.zip/studio/validate/pkg/rules/number_coerce.go:177.2,177.100 1 0
proto.zip/studio/validate/pkg/rules/number_coerce.go:181.101,182.27 1 1
proto.zip/studio/validate/pkg/rules/number_coerce.go:183.9,184.16 1 0
proto.zip/studio/validate/pkg/rules/number_coerce.go:185.11,186.52 1 0
proto.zip/studio/validate/pkg/rules/number_coerce.go:187.12,188.53 1 0
proto.zip/studio/validate/pkg/rules/number_coerce.go:189.13,190.54 1 0
proto.zip/studio/validate/pkg/rules/number_coerce.go:191.13,192.54 1 0
proto.zip/studio/validate/pkg/rules/number_coerce.go:193.13,194.54 1 0
proto.zip/studio/validate/pkg/rules/number_coerce.go:195.12,196.53 1 0
proto.zip/studio/validate/pkg/rules/number_coerce.go:197.13,198.54 1 0
proto.zip/studio/validate/pkg/rules/number_coerce.go:199.14,200.55 1 0
proto.zip/studio/validate/pkg/rules/number_coerce.go:201.14,202.55 1 0
proto.zip/studio/validate/pkg/rules/number_coerce.go:203.14,204.55 1 0
proto.zip/studio/validate/pkg/rules/number_coerce.go:205.15,206.58 1 1
proto.zip/studio/validate/pkg/rules/number_coerce.go:207.15,208.58 1 1
proto.zip/studio/validate/pkg/rules/number_coerce.go:209.10,210.53 1 0
proto.zip/studio/validate/pkg/rules/number_coerce.go:215.109,217.29 2 1
proto.zip/studio/validate/pkg/rules/number_coerce.go:217.29,220.3 2 1
proto.zip/studio/validate/pkg/rules/number_coerce.go:221.2,221.22 1 1
proto.zip/studio/validate/pkg/rules/number_coerce.go:227.142,233.26 4 1
proto.zip/studio/validate/pkg/rules/number_coerce.go:234.15,235.26 1 1
proto.zip/studio/validate/pkg/rules/number_coerce.go:236.15,237.26 1 1
proto.zip/studio/validate/pkg/rules/number_coerce.go:241.2,242.33 2 1
proto.zip/studio/validate/pkg/rules/number_coerce.go:242.33,244.3 1 1
proto.zip/studio/validate/pkg/rules/number_coerce.go:248.2,248.29 1 1
proto.zip/studio/validate/pkg/rules/number_coerce.go:248.29,250.3 1 1
proto.zip/studio/validate/pkg/rules/number_coerce.go:252.2,252.22 1 1
proto.zip/studio/validate/pkg/rules/number_coerce.go:256.129,257.20 1 1
proto.zip/studio/validate/pkg/rules/number_coerce.go:257.20,259.3 1 1
proto.zip/studio/validate/pkg/rules/number_coerce.go:261.2,261.35 1 1
proto.zip/studio/validate/pkg/rules/number_coerce.go:261.35,267.17 4 1
proto.zip/studio/validate/pkg/rules/number_coerce.go:267.17,268.55 1 1
proto.zip/studio/validate/pkg/rules/number_coerce.go:268.55,270.5 1 1
proto.zip/studio/validate/pkg/rules/number_coerce.go:272.4,272.72 1 1
proto.zip/studio/validate/pkg/rules/number_coerce.go:275.3,275.27 1 1
proto.zip/studio/validate/pkg/rules/number_coerce.go:278.2,278.100 1 1
proto.zip/studio/validate/pkg/rules/number_coerce.go:282.99,283.27 1 1
proto.zip/studio/validate/pkg/rules/number_coerce.go:284.9,285.16 1 1
proto.zip/studio/validate/pkg/rules/number_coerce.go:286.11,287.48 1 1
proto.zip/studio/validate/pkg/rules/number_coerce.go:288.12,289.49 1 1
proto.zip/studio/validate/pkg/rules/number_coerce.go:290.13,291.50 1 1
proto.zip/studio/validate/pkg/rules/number_coerce.go:292.13,293.50 1 1
proto.zip/studio/validate/pkg/rules/number_coerce.go:294.13,295.50 1 1
proto.zip/studio/validate/pkg/rules/number_coerce.go:296.12,297.49 1 1
proto.zip/studio/validate/pkg/rules/number_coerce.go:298.13,299.50 1 1
proto.zip/studio/validate/pkg/rules/number_coerce.go:300.14,301.51 1 1
proto.zip/studio/validate/pkg/rules/number_coerce.go:302.14,303.51 1 1
proto.zip/studio/validate/pkg/rules/number_coerce.go:304.14,305.51 1 1
proto.zip/studio/validate/pkg/rules/number_coerce.go:306.15,307.51 1 1
proto.zip/studio/validate/pkg/rules/number_coerce.go:308.15,309.51 1 1
proto.zip/studio/validate/pkg/rules/number_coerce.go:310.10,311.49 1 1
proto.zip/studio/validate/pkg/rules/number_rule_max.go:17.97,18.22 1 1
proto.zip/studio/validate/pkg/rules/number_rule_max.go:18.22,22.3 1 1
proto.zip/studio/validate/pkg/rules/number_rule_max.go:24.2,24.12 1 1
proto.zip/studio/validate/pkg/rules/number_rule_max.go:28.50,32.2 3 1
proto.zip/studio/validate/pkg/rules/number_rule_max.go:36.41,38.2 1 1
proto.zip/studio/validate/pkg/rules/number_rule_max.go:41.55,46.2 1 0
proto.zip/studio/validate/pkg/rules/number_rule_max.go:49.59,54.2 1 1
proto.zip/studio/validate/pkg/rules/number_rule_maxexclusive.go:17.106,18.23 1 1
proto.zip/studio/validate/pkg/rules/number_rule_maxexclusive.go:18.23,22.3 1 1
proto.zip/studio/validate/pkg/rules/number_rule_maxexclusive.go:24.2,24.12 1 1
proto.zip/studio/validate/pkg/rules/number_rule_maxexclusive.go:28.59,32.2 3 1
proto.zip/studio/validate/pkg/rules/number_rule_maxexclusive.go:36.50,38.2 1 1
proto.zip/studio/validate/pkg/rules/number_rule_maxexclusive.go:41.64,46.2 1 0
proto.zip/studio/validate/pkg/rules/number_rule_maxexclusive.go:49.68,54.2 1 1
proto.zip/studio/validate/pkg/rules/number_rule_min.go:17.97,18.22 1 1
proto.zip/studio/validate/pkg/rules/number_rule_min.go:18.22,22.3 1 1
proto.zip/studio/validate/pkg/rules/number_rule_min.go:24.2,24.12 1 1
proto.zip/studio/validate/pkg/rules/number_rule_min.go:28.50,32.2 3 1
proto.zip/studio/validate/pkg/rules/number_rule_min.go:36.41,38.2 1 1
proto.zip/studio/validate/pkg/rules/number_rule_min.go:41.55,46.2 1 0
proto.zip/studio/validate/pkg/rules/number_rule_min.go:49.59,54.2 1 1
proto.zip/studio/validate/pkg/rules/number_rule_minexclusive.go:17.106,18.23 1 1
proto.zip/studio/validate/pkg/rules/number_rule_minexclusive.go:18.23,22.3 1 1
proto.zip/studio/validate/pkg/rules/number_rule_minexclusive.go:24.2,24.12 1 1
proto.zip/studio/validate/pkg/rules/number_rule_minexclusive.go:28.59,32.2 3 1
proto.zip/studio/validate/pkg/rules/number_rule_minexclusive.go:36.50,38.2 1 1
proto.zip/studio/validate/pkg/rules/number_rule_minexclusive.go:41.64,46.2 1 0
proto.zip/studio/validate/pkg/rules/number_rule_minexclusive.go:49.68,54.2 1 1
proto.zip/studio/validate/pkg/rules/number_rule_values.go:18.49,21.18 2 0
proto.zip/studio/validate/pkg/rules/number_rule_values.go:21.18,24.32 2 0
proto.zip/studio/validate/pkg/rules/number_rule_values.go:24.32,26.4 1 0
proto.zip/studio/validate/pkg/rules/number_rule_values.go:28.3,28.31 1 0
proto.zip/studio/validate/pkg/rules/number_rule_values.go:28.31,30.4 1 0
proto.zip/studio/validate/pkg/rules/number_rule_values.go:30.9,32.4 1 0
proto.zip/studio/validate/pkg/rules/number_rule_values.go:35.2,35.14 1 0
proto.zip/studio/validate/pkg/rules/number_rule_values.go:40.100,43.16 2 0
proto.zip/studio/validate/pkg/rules/number_rule_values.go:43.16,44.14 1 0
proto.zip/studio/validate/pkg/rules/number_rule_values.go:44.14,48.4 1 0
proto.zip/studio/validate/pkg/rules/number_rule_values.go:49.8,49.19 1 0
proto.zip/studio/validate/pkg/rules/number_rule_values.go:49.19,53.3 1 0
proto.zip/studio/validate/pkg/rules/number_rule_values.go:55.2,55.12 1 0
proto.zip/studio/validate/pkg/rules/number_rule_values.go:59.53,60.17 1 0
proto.zip/studio/validate/pkg/rules/number_rule_values.go:60.17,62.3 1 0
proto.zip/studio/validate/pkg/rules/number_rule_values.go:64.2,64.41 1 0
proto.zip/studio/validate/pkg/rules/number_rule_values.go:64.41,66.3 1 0
proto.zip/studio/validate/pkg/rules/number_rule_values.go:67.2,67.14 1 0
proto.zip/studio/validate/pkg/rules/number_rule_values.go:72.44,73.17 1 0
proto.zip/studio/validate/pkg/rules/number_rule_values.go:73.17,76.3 1 0
proto.zip/studio/validate/pkg/rules/number_rule_values.go:77.2,77.67 1 0
proto.zip/studio/validate/pkg/rules/number_rule_values.go:82.72,83.95 1 0
proto.zip/studio/validate/pkg/rules/number_rule_values.go:83.95,84.33 1 0
proto.zip/studio/validate/pkg/rules/number_rule_values.go:84.33,85.12 1 0
proto.zip/studio/validate/pkg/rules/number_rule_values.go:88.3,88.92 1 0
proto.zip/studio/validate/pkg/rules/number_rule_values.go:88.92,90.4 1 0
proto.zip/studio/validate/pkg/rules/number_rule_values.go:92.2,92.12 1 0
proto.zip/studio/validate/pkg/rules/number_rule_values.go:99.84,103.21 3 0
proto.zip/studio/validate/pkg/rules/number_rule_values.go:103.21,105.3 1 0
proto.zip/studio/validate/pkg/rules/number_rule_values.go:107.2,112.21 4 0
proto.zip/studio/validate/pkg/rules/number_rule_values.go:112.21,114.3 1 0
proto.zip/studio/validate/pkg/rules/number_rule_values.go:116.2,121.4 2 0
proto.zip/studio/validate/pkg/rules/number_rule_values.go:128.85,139.2 5 0
proto.zip/studio/validate/pkg/rules/object.go:43.53,53.17 5 0
proto.zip/studio/validate/pkg/rules/object.go:53.17,57.3 3 0
proto.zip/studio/validate/pkg/rules/object.go:57.8,59.3 1 0
proto.zip/studio/validate/pkg/rules/object.go:61.2,61.51 1 0
proto.zip/studio/validate/pkg/rules/object.go:61.51,62.73 1 0
proto.zip/studio/validate/pkg/rules/object.go:65.2,67.53 2 0
proto.zip/studio/validate/pkg/rules/object.go:67.53,70.26 2 0
proto.zip/studio/validate/pkg/rules/object.go:70.26,71.12 1 0
proto.zip/studio/validate/pkg/rules/object.go:74.3,78.21 3 0
proto.zip/studio/validate/pkg/rules/object.go:78.21,79.12 1 0
proto.zip/studio/validate/pkg/rules/object.go:82.3,83.15 2 0
proto.zip/studio/validate/pkg/rules/object.go:83.15,88.10 3 0
proto.zip/studio/validate/pkg/rules/object.go:88.10,89.13 1 0
proto.zip/studio/validate/pkg/rules/object.go:91.9,93.4 1 0
proto.zip/studio/validate/pkg/rules/object.go:95.3,103.21 2 0
proto.zip/studio/validate/pkg/rules/object.go:106.2,106.16 1 0
proto.zip/studio/validate/pkg/rules/object.go:111.65,117.2 2 0
proto.zip/studio/validate/pkg/rules/object.go:121.69,127.2 2 0
proto.zip/studio/validate/pkg/rules/object.go:130.75,141.2 1 0
proto.zip/studio/validate/pkg/rules/object.go:148.76,149.20 1 0
proto.zip/studio/validate/pkg/rules/object.go:149.20,151.3 1 0
proto.zip/studio/validate/pkg/rules/object.go:153.2,156.19 4 0
proto.zip/studio/validate/pkg/rules/object.go:160.60,164.89 3 0
proto.zip/studio/validate/pkg/rules/object.go:164.89,165.68 1 0
proto.zip/studio/validate/pkg/rules/object.go:165.68,167.4 1 0
proto.zip/studio/validate/pkg/rules/object.go:169.2,169.16 1 0
proto.zip/studio/validate/pkg/rules/object.go:173.87,176.89 2 0
proto.zip/studio/validate/pkg/rules/object.go:176.89,177.115 1 0
proto.zip/studio/validate/pkg/rules/object.go:177.115,179.4 1 0
proto.zip/studio/validate/pkg/rules/object.go:181.2,181.21 1 0
proto.zip/studio/validate/pkg/rules/object.go:191.99,193.2 1 0
proto.zip/studio/validate/pkg/rules/object.go:210.116,219.2 2 0
proto.zip/studio/validate/pkg/rules/object.go:247.109,249.2 1 0
proto.zip/studio/validate/pkg/rules/object.go:255.150,263.2 5 0
proto.zip/studio/validate/pkg/rules/object.go:273.58,278.89 3 0
proto.zip/studio/validate/pkg/rules/object.go:278.89,279.62 1 0
proto.zip/studio/validate/pkg/rules/object.go:279.62,280.36 1 0
proto.zip/studio/validate/pkg/rules/object.go:280.36,283.5 2 0
proto.zip/studio/validate/pkg/rules/object.go:287.2,287.13 1 0
proto.zip/studio/validate/pkg/rules/object.go:310.140,314.40 2 0
proto.zip/studio/validate/pkg/rules/object.go:314.40,317.10 3 0
proto.zip/studio/validate/pkg/rules/object.go:317.10,318.65 1 0
proto.zip/studio/validate/pkg/rules/object.go:322.3,325.10 3 0
proto.zip/studio/validate/pkg/rules/object.go:325.10,328.83 1 0
proto.zip/studio/validate/pkg/rules/object.go:330.3,330.26 1 0
proto.zip/studio/validate/pkg/rules/object.go:330.26,333.67 1 0
proto.zip/studio/validate/pkg/rules/object.go:337.2,342.3 1 0
proto.zip/studio/validate/pkg/rules/object.go:346.153,354.22 6 0
proto.zip/studio/validate/pkg/rules/object.go:354.22,355.29 1 0
proto.zip/studio/validate/pkg/rules/object.go:355.29,357.4 1 0
proto.zip/studio/validate/pkg/rules/object.go:357.9,359.4 1 0
proto.zip/studio/validate/pkg/rules/object.go:361.3,361.50 1 0
proto.zip/studio/validate/pkg/rules/object.go:361.50,362.73 1 0
proto.zip/studio/validate/pkg/rules/object.go:362.73,363.15 1 0
proto.zip/studio/validate/pkg/rules/object.go:368.2,368.19 1 0
proto.zip/studio/validate/pkg/rules/object.go:372.95,374.2 1 0
proto.zip/studio/validate/pkg/rules/object.go:377.52,379.2 1 0
proto.zip/studio/validate/pkg/rules/object.go:383.77,384.16 1 0
proto.zip/studio/validate/pkg/rules/object.go:384.16,386.3 1 0
proto.zip/studio/validate/pkg/rules/object.go:388.2,391.19 4 0
proto.zip/studio/validate/pkg/rules/object.go:397.72,402.2 4 0
proto.zip/studio/validate/pkg/rules/object.go:405.75,406.19 1 0
proto.zip/studio/validate/pkg/rules/object.go:407.11,408.13 1 0
proto.zip/studio/validate/pkg/rules/object.go:409.32,410.90 1 0
proto.zip/studio/validate/pkg/rules/object.go:411.24,412.78 1 0
proto.zip/studio/validate/pkg/rules/object.go:413.10,414.89 1 0
proto.zip/studio/validate/pkg/rules/object.go:419.158,422.12 2 0
proto.zip/studio/validate/pkg/rules/object.go:422.12,425.3 2 0
proto.zip/studio/validate/pkg/rules/object.go:427.2,429.6 2 0
proto.zip/studio/validate/pkg/rules/object.go:429.6,430.10 1 0
proto.zip/studio/validate/pkg/rules/object.go:431.26,432.41 1 0
proto.zip/studio/validate/pkg/rules/object.go:433.21,434.26 1 0
proto.zip/studio/validate/pkg/rules/object.go:434.26,437.5 2 0
proto.zip/studio/validate/pkg/rules/object.go:438.15,439.20 1 0
proto.zip/studio/validate/pkg/rules/object.go:445.37,446.9 1 0
proto.zip/studio/validate/pkg/rules/object.go:447.20,448.14 1 0
proto.zip/studio/validate/pkg/rules/object.go:449.10,450.15 1 0
proto.zip/studio/validate/pkg/rules/object.go:456.302,462.15 4 0
proto.zip/studio/validate/pkg/rules/object.go:462.15,464.3 1 0
proto.zip/studio/validate/pkg/rules/object.go:467.2,467.30 1 0
proto.zip/studio/validate/pkg/rules/object.go:467.30,471.21 3 0
proto.zip/studio/validate/pkg/rules/object.go:471.21,475.4 3 0
proto.zip/studio/validate/pkg/rules/object.go:477.3,477.10 1 0
proto.zip/studio/validate/pkg/rules/object.go:477.10,479.4 1 0
proto.zip/studio/validate/pkg/rules/object.go:482.2,482.44 1 0
proto.zip/studio/validate/pkg/rules/object.go:482.44,483.30 1 0
proto.zip/studio/validate/pkg/rules/object.go:483.30,487.4 1 0
proto.zip/studio/validate/pkg/rules/object.go:488.3,488.9 1 0
proto.zip/studio/validate/pkg/rules/object.go:491.2,493.17 3 0
proto.zip/studio/validate/pkg/rules/object.go:493.17,496.3 2 0
proto.zip/studio/validate/pkg/rules/object.go:498.2,502.47 4 0
proto.zip/studio/validate/pkg/rules/object.go:502.47,503.140 1 0
proto.zip/studio/validate/pkg/rules/object.go:503.140,506.4 2 0
proto.zip/studio/validate/pkg/rules/object.go:509.2,509.20 1 0
proto.zip/studio/validate/pkg/rules/object.go:509.20,511.3 1 0
proto.zip/studio/validate/pkg/rules/object.go:515.156,518.13 2 0
proto.zip/studio/validate/pkg/rules/object.go:518.13,520.3 1 0
proto.zip/studio/validate/pkg/rules/object.go:520.8,520.21 1 0
proto.zip/studio/validate/pkg/rules/object.go:520.21,524.3 2 0
proto.zip/studio/validate/pkg/rules/object.go:524.8,528.3 2 0
proto.zip/studio/validate/pkg/rules/object.go:530.2,530.21 1 0
proto.zip/studio/validate/pkg/rules/object.go:534.176,546.89 5 0
proto.zip/studio/validate/pkg/rules/object.go:546.89,547.62 1 0
proto.zip/studio/validate/pkg/rules/object.go:547.62,548.62 1 0
proto.zip/studio/validate/pkg/rules/object.go:548.62,550.5 1 0
proto.zip/studio/validate/pkg/rules/object.go:550.10,550.22 1 0
proto.zip/studio/validate/pkg/rules/object.go:550.22,552.51 1 0
proto.zip/studio/validate/pkg/rules/object.go:552.51,555.60 2 0
proto.zip/studio/validate/pkg/rules/object.go:555.60,557.7 1 0
proto.zip/studio/validate/pkg/rules/object.go:564.2,571.89 5 0
proto.zip/studio/validate/pkg/rules/object.go:571.89,572.40 1 0
proto.zip/studio/validate/pkg/rules/object.go:572.40,574.4 1 0
proto.zip/studio/validate/pkg/rules/object.go:578.2,581.89 2 0
proto.zip/studio/validate/pkg/rules/object.go:581.89,582.33 1 0
proto.zip/studio/validate/pkg/rules/object.go:582.33,583.12 1 0
proto.zip/studio/validate/pkg/rules/object.go:586.3,586.61 1 0
proto.zip/studio/validate/pkg/rules/object.go:586.61,594.4 6 0
proto.zip/studio/validate/pkg/rules/object.go:594.9,594.21 1 0
proto.zip/studio/validate/pkg/rules/object.go:594.21,596.50 1 0
proto.zip/studio/validate/pkg/rules/object.go:596.50,599.59 2 0
proto.zip/studio/validate/pkg/rules/object.go:599.59,605.6 5 0
proto.zip/studio/validate/pkg/rules/object.go:611.2,615.29 2 0
proto.zip/studio/validate/pkg/rules/object.go:615.29,617.27 2 0
proto.zip/studio/validate/pkg/rules/object.go:617.27,618.49 1 0
proto.zip/studio/validate/pkg/rules/object.go:618.49,621.142 2 0
proto.zip/studio/validate/pkg/rules/object.go:621.142,624.6 2 0
proto.zip/studio/validate/pkg/rules/object.go:630.2,630.21 1 0
proto.zip/studio/validate/pkg/rules/object.go:630.21,634.3 2 0
proto.zip/studio/validate/pkg/rules/object.go:634.8,634.31 1 0
proto.zip/studio/validate/pkg/rules/object.go:634.31,636.50 1 0
proto.zip/studio/validate/pkg/rules/object.go:636.50,638.4 1 0
proto.zip/studio/validate/pkg/rules/object.go:641.2,641.41 1 0
proto.zip/studio/validate/pkg/rules/object.go:645.118,651.89 5 0
proto.zip/studio/validate/pkg/rules/object.go:651.89,652.36 1 0
proto.zip/studio/validate/pkg/rules/object.go:652.36,653.17 1 0
proto.zip/studio/validate/pkg/rules/object.go:653.17,654.10 1 0
proto.zip/studio/validate/pkg/rules/object.go:657.4,658.29 2 0
proto.zip/studio/validate/pkg/rules/object.go:658.29,663.18 4 0
proto.zip/studio/validate/pkg/rules/object.go:663.18,665.6 1 0
proto.zip/studio/validate/pkg/rules/object.go:667.5,667.55 1 0
proto.zip/studio/validate/pkg/rules/object.go:667.55,669.6 1 0
proto.zip/studio/validate/pkg/rules/object.go:675.2,675.45 1 0
proto.zip/studio/validate/pkg/rules/object.go:679.87,680.46 1 0
proto.zip/studio/validate/pkg/rules/object.go:680.46,684.3 1 0
proto.zip/studio/validate/pkg/rules/object.go:686.2,689.3 1 0
proto.zip/studio/validate/pkg/rules/object.go:694.119,696.85 1 0
proto.zip/studio/validate/pkg/rules/object.go:696.85,698.3 1 0
proto.zip/studio/validate/pkg/rules/object.go:701.2,702.44 2 0
proto.zip/studio/validate/pkg/rules/object.go:702.44,706.3 1 0
proto.zip/studio/validate/pkg/rules/object.go:709.2,719.33 4 0
proto.zip/studio/validate/pkg/rules/object.go:719.33,722.57 1 0
proto.zip/studio/validate/pkg/rules/object.go:722.57,725.4 2 0
proto.zip/studio/validate/pkg/rules/object.go:725.9,725.19 1 0
proto.zip/studio/validate/pkg/rules/object.go:725.19,728.4 2 0
proto.zip/studio/validate/pkg/rules/object.go:728.9,730.4 1 0
proto.zip/studio/validate/pkg/rules/object.go:732.8,732.59 1 0
proto.zip/studio/validate/pkg/rules/object.go:732.59,739.19 1 0
proto.zip/studio/validate/pkg/rules/object.go:739.19,741.4 1 0
proto.zip/studio/validate/pkg/rules/object.go:741.9,741.19 1 0
proto.zip/studio/validate/pkg/rules/object.go:741.19,743.4 1 0
proto.zip/studio/validate/pkg/rules/object.go:743.9,746.4 2 0
proto.zip/studio/validate/pkg/rules/object.go:748.3,748.12 1 0
proto.zip/studio/validate/pkg/rules/object.go:748.12,750.32 2 0
proto.zip/studio/validate/pkg/rules/object.go:750.32,754.5 2 0
proto.zip/studio/validate/pkg/rules/object.go:755.9,757.4 1 0
proto.zip/studio/validate/pkg/rules/object.go:759.8,759.45 1 0
proto.zip/studio/validate/pkg/rules/object.go:759.45,762.61 1 0
proto.zip/studio/validate/pkg/rules/object.go:762.61,764.4 1 0
proto.zip/studio/validate/pkg/rules/object.go:766.3,770.94 4 0
proto.zip/studio/validate/pkg/rules/object.go:770.94,771.42 1 0
proto.zip/studio/validate/pkg/rules/object.go:771.42,775.5 3 0
proto.zip/studio/validate/pkg/rules/object.go:775.10,779.5 3 0
proto.zip/studio/validate/pkg/rules/object.go:782.8,784.3 1 0
proto.zip/studio/validate/pkg/rules/object.go:786.2,787.11 2 0
proto.zip/studio/validate/pkg/rules/object.go:787.11,789.3 1 0
proto.zip/studio/validate/pkg/rules/object.go:789.8,791.3 1 0
proto.zip/studio/validate/pkg/rules/object.go:793.2,799.12 4 0
proto.zip/studio/validate/pkg/rules/object.go:799.12,804.31 4 0
proto.zip/studio/validate/pkg/rules/object.go:804.31,806.76 2 0
proto.zip/studio/validate/pkg/rules/object.go:806.76,808.5 1 0
proto.zip/studio/validate/pkg/rules/object.go:809.9,809.86 1 0
proto.zip/studio/validate/pkg/rules/object.go:809.86,811.67 2 0
proto.zip/studio/validate/pkg/rules/object.go:811.67,813.5 1 0
proto.zip/studio/validate/pkg/rules/object.go:816.3,816.28 1 0
proto.zip/studio/validate/pkg/rules/object.go:816.28,820.4 1 0
proto.zip/studio/validate/pkg/rules/object.go:822.3,822.16 1 0
proto.zip/studio/validate/pkg/rules/object.go:822.16,825.4 2 0
proto.zip/studio/validate/pkg/rules/object.go:828.2,831.42 3 0
proto.zip/studio/validate/pkg/rules/object.go:831.42,835.3 1 0
proto.zip/studio/validate/pkg/rules/object.go:837.2,847.24 6 0
proto.zip/studio/validate/pkg/rules/object.go:847.24,849.3 1 0
proto.zip/studio/validate/pkg/rules/object.go:851.2,851.17 1 0
proto.zip/studio/validate/pkg/rules/object.go:851.17,853.3 1 0
proto.zip/studio/validate/pkg/rules/object.go:855.2,855.12 1 0
proto.zip/studio/validate/pkg/rules/object.go:859.114,866.2 3 0
proto.zip/studio/validate/pkg/rules/object.go:869.73,870.12 1 0
proto.zip/studio/validate/pkg/rules/object.go:870.12,872.3 1 0
proto.zip/studio/validate/pkg/rules/object.go:874.2,876.19 3 0
proto.zip/studio/validate/pkg/rules/object.go:881.85,885.2 3 0
proto.zip/studio/validate/pkg/rules/object.go:889.93,891.2 1 0
proto.zip/studio/validate/pkg/rules/object.go:895.55,897.2 1 0
proto.zip/studio/validate/pkg/rules/object.go:900.58,904.54 2 0
proto.zip/studio/validate/pkg/rules/object.go:904.54,906.3 1 0
proto.zip/studio/validate/pkg/rules/object.go:908.2,910.17 2 0
proto.zip/studio/validate/pkg/rules/object.go:910.17,911.26 1 0
proto.zip/studio/validate/pkg/rules/object.go:911.26,912.32 1 0
proto.zip/studio/validate/pkg/rules/object.go:912.32,914.5 1 0
proto.zip/studio/validate/pkg/rules/object.go:914.10,916.56 2 0
proto.zip/studio/validate/pkg/rules/object.go:916.56,918.6 1 0
proto.zip/studio/validate/pkg/rules/object.go:920.5,920.63 1 0
proto.zip/studio/validate/pkg/rules/object.go:922.9,922.36 1 0
proto.zip/studio/validate/pkg/rules/object.go:922.36,924.4 1 0
proto.zip/studio/validate/pkg/rules/object.go:927.2,927.27 1 0
proto.zip/studio/validate/pkg/rules/object.go:927.27,929.3 1 0
proto.zip/studio/validate/pkg/rules/object.go:930.2,930.14 1 0
proto.zip/studio/validate/pkg/rules/paths.go:7.35,8.25 1 0
proto.zip/studio/validate/pkg/rules/paths.go:9.14,10.23 1 0
proto.zip/studio/validate/pkg/rules/paths.go:12.2,12.31 1 0
proto.zip/studio/validate/pkg/rules/paths.go:15.29,17.2 1 0
proto.zip/studio/validate/pkg/rules/reftracker.go:13.51,17.2 1 0
proto.zip/studio/validate/pkg/rules/reftracker.go:21.71,27.47 3 0
proto.zip/studio/validate/pkg/rules/reftracker.go:27.47,29.3 1 0
proto.zip/studio/validate/pkg/rules/reftracker.go:31.2,35.41 3 0
proto.zip/studio/validate/pkg/rules/reftracker.go:35.41,37.3 1 0
proto.zip/studio/validate/pkg/rules/reftracker.go:39.2,45.38 4 0
proto.zip/studio/validate/pkg/rules/reftracker.go:45.38,47.3 1 0
proto.zip/studio/validate/pkg/rules/reftracker.go:48.2,48.12 1 0
proto.zip/studio/validate/pkg/rules/reftracker.go:53.75,55.17 1 0
proto.zip/studio/validate/pkg/rules/reftracker.go:55.17,57.3 1 0
proto.zip/studio/validate/pkg/rules/reftracker.go:60.2,60.19 1 0
proto.zip/studio/validate/pkg/rules/reftracker.go:60.19,62.3 1 0
proto.zip/studio/validate/pkg/rules/reftracker.go:65.2,69.39 3 0
proto.zip/studio/validate/pkg/rules/reftracker.go:69.39,70.41 1 0
proto.zip/studio/validate/pkg/rules/reftracker.go:70.41,72.4 1 0
proto.zip/studio/validate/pkg/rules/reftracker.go:76.2,77.14 2 0
proto.zip/studio/validate/pkg/rules/reftracker.go:80.49,85.36 2 0
proto.zip/studio/validate/pkg/rules/reftracker.go:85.36,89.3 3 0
proto.zip/studio/validate/pkg/rules/reftracker.go:91.2,91.14 1 0
proto.zip/studio/validate/pkg/rules/rounding.go:20.35,21.11 1 1
proto.zip/studio/validate/pkg/rules/rounding.go:22.20,23.16 1 0
proto.zip/studio/validate/pkg/rules/rounding.go:24.18,25.14 1 1
proto.zip/studio/validate/pkg/rules/rounding.go:26.20,27.16 1 1
proto.zip/studio/validate/pkg/rules/rounding.go:28.24,29.20 1 1
proto.zip/studio/validate/pkg/rules/rounding.go:30.22,31.18 1 1
proto.zip/studio/validate/pkg/rules/rounding.go:33.2,33.18 1 0
proto.zip/studio/validate/pkg/rules/rounding.go:41.72,50.2 1 0
proto.zip/studio/validate/pkg/rules/rounding.go:58.91,68.2 1 1
proto.zip/studio/validate/pkg/rules/rounding.go:75.75,86.2 1 1
proto.zip/studio/validate/pkg/rules/rule.go:35.97,37.2 1 1
proto.zip/studio/validate/pkg/rules/rule.go:41.50,43.2 1 0
proto.zip/studio/validate/pkg/rules/rule.go:47.41,49.2 1 0
proto.zip/studio/validate/pkg/rules/rule_maxlen.go:17.104,18.27 1 0
proto.zip/studio/validate/pkg/rules/rule_maxlen.go:18.27,22.3 1 0
proto.zip/studio/validate/pkg/rules/rule_maxlen.go:23.2,23.12 1 0
proto.zip/studio/validate/pkg/rules/rule_maxlen.go:27.57,30.2 2 0
proto.zip/studio/validate/pkg/rules/rule_maxlen.go:34.48,36.2 1 0
proto.zip/studio/validate/pkg/rules/rule_maxlen.go:39.64,44.2 1 0
proto.zip/studio/validate/pkg/rules/rule_maxlen.go:47.60,52.2 1 0
proto.zip/studio/validate/pkg/rules/rule_minlen.go:17.104,18.27 1 0
proto.zip/studio/validate/pkg/rules/rule_minlen.go:18.27,22.3 1 0
proto.zip/studio/validate/pkg/rules/rule_minlen.go:23.2,23.12 1 0
proto.zip/studio/validate/pkg/rules/rule_minlen.go:27.57,30.2 2 0
proto.zip/studio/validate/pkg/rules/rule_minlen.go:34.48,36.2 1 0
proto.zip/studio/validate/pkg/rules/rule_minlen.go:39.64,44.2 1 0
proto.zip/studio/validate/pkg/rules/rule_minlen.go:47.60,52.2 1 0
proto.zip/studio/validate/pkg/rules/setter.go:21.49,22.18 1 0
proto.zip/studio/validate/pkg/rules/setter.go:22.18,26.3 3 0
proto.zip/studio/validate/pkg/rules/setter.go:27.2,27.66 1 0
proto.zip/studio/validate/pkg/rules/setter.go:30.67,33.28 2 0
proto.zip/studio/validate/pkg/rules/setter.go:33.28,38.3 3 0
proto.zip/studio/validate/pkg/rules/setter.go:38.8,40.3 1 0
proto.zip/studio/validate/pkg/rules/setter.go:43.2,43.18 1 0
proto.zip/studio/validate/pkg/rules/setter.go:43.18,46.3 2 0
proto.zip/studio/validate/pkg/rules/setter.go:46.8,48.3 1 0
proto.zip/studio/validate/pkg/rules/setter.go:51.37,53.2 1 0
proto.zip/studio/validate/pkg/rules/setter.go:60.52,65.18 3 0
proto.zip/studio/validate/pkg/rules/setter.go:65.18,68.3 2 0
proto.zip/studio/validate/pkg/rules/setter.go:70.2,70.33 1 0
proto.zip/studio/validate/pkg/rules/setter.go:70.33,71.41 1 0
proto.zip/studio/validate/pkg/rules/setter.go:71.41,73.4 1 0
proto.zip/studio/validate/pkg/rules/setter.go:73.9,77.4 3 0
proto.zip/studio/validate/pkg/rules/setter.go:78.8,80.3 1 0
proto.zip/studio/validate/pkg/rules/setter.go:83.70,87.53 2 0
proto.zip/studio/validate/pkg/rules/setter.go:87.53,89.3 1 0
proto.zip/studio/validate/pkg/rules/setter.go:91.2,91.19 1 0
proto.zip/studio/validate/pkg/rules/setter.go:91.19,95.3 2 0
proto.zip/studio/validate/pkg/rules/setter.go:98.2,100.18 3 0
proto.zip/studio/validate/pkg/rules/setter.go:100.18,102.3 1 0
proto.zip/studio/validate/pkg/rules/setter.go:103.2,103.41 1 0
proto.zip/studio/validate/pkg/rules/setter.go:106.40,108.2 1 0
proto.zip/studio/validate/pkg/rules/slice.go:26.38,32.2 2 0
proto.zip/studio/validate/pkg/rules/slice.go:35.43,37.2 1 0
proto.zip/studio/validate/pkg/rules/slice.go:42.59,49.2 1 0
proto.zip/studio/validate/pkg/rules/slice.go:54.54,61.2 1 0
proto.zip/studio/validate/pkg/rules/slice.go:68.82,75.2 1 0
proto.zip/studio/validate/pkg/rules/slice.go:79.110,81.85 1 0
proto.zip/studio/validate/pkg/rules/slice.go:81.85,83.3 1 0
proto.zip/studio/validate/pkg/rules/slice.go:86.2,87.58 2 0
proto.zip/studio/validate/pkg/rules/slice.go:87.58,91.3 1 0
proto.zip/studio/validate/pkg/rules/slice.go:93.2,97.52 4 0
proto.zip/studio/validate/pkg/rules/slice.go:97.52,99.3 1 0
proto.zip/studio/validate/pkg/rules/slice.go:101.2,110.89 5 0
proto.zip/studio/validate/pkg/rules/slice.go:110.89,111.38 1 0
proto.zip/studio/validate/pkg/rules/slice.go:111.38,113.9 2 0
proto.zip/studio/validate/pkg/rules/slice.go:118.2,118.24 1 0
proto.zip/studio/validate/pkg/rules/slice.go:118.24,121.26 2 0
proto.zip/studio/validate/pkg/rules/slice.go:121.26,125.15 4 0
proto.zip/studio/validate/pkg/rules/slice.go:125.15,127.23 2 0
proto.zip/studio/validate/pkg/rules/slice.go:127.23,129.6 1 0
proto.zip/studio/validate/pkg/rules/slice.go:130.5,131.89 2 0
proto.zip/studio/validate/pkg/rules/slice.go:134.8,135.26 1 0
proto.zip/studio/validate/pkg/rules/slice.go:135.26,144.22 6 0
proto.zip/studio/validate/pkg/rules/slice.go:144.22,146.5 1 0
proto.zip/studio/validate/pkg/rules/slice.go:151.2,151.89 1 0
proto.zip/studio/validate/pkg/rules/slice.go:151.89,152.33 1 0
proto.zip/studio/validate/pkg/rules/slice.go:152.33,153.91 1 0
proto.zip/studio/validate/pkg/rules/slice.go:153.91,155.5 1 0
proto.zip/studio/validate/pkg/rules/slice.go:160.2,161.66 2 0
proto.zip/studio/validate/pkg/rules/slice.go:161.66,163.3 1 0
proto.zip/studio/validate/pkg/rules/slice.go:163.8,163.63 1 0
proto.zip/studio/validate/pkg/rules/slice.go:163.63,165.3 1 0
proto.zip/studio/validate/pkg/rules/slice.go:165.8,169.3 1 0
proto.zip/studio/validate/pkg/rules/slice.go:172.2,172.25 1 0
proto.zip/studio/validate/pkg/rules/slice.go:172.25,174.3 1 0
proto.zip/studio/validate/pkg/rules/slice.go:176.2,176.12 1 0
proto.zip/studio/validate/pkg/rules/slice.go:180.107,183.2 2 0
proto.zip/studio/validate/pkg/rules/slice.go:187.77,189.25 1 0
proto.zip/studio/validate/pkg/rules/slice.go:189.25,192.34 1 0
proto.zip/studio/validate/pkg/rules/slice.go:192.34,194.4 1 0
proto.zip/studio/validate/pkg/rules/slice.go:198.2,198.27 1 0
proto.zip/studio/validate/pkg/rules/slice.go:198.27,200.3 1 0
proto.zip/studio/validate/pkg/rules/slice.go:202.2,204.33 2 0
proto.zip/studio/validate/pkg/rules/slice.go:204.33,206.3 1 0
proto.zip/studio/validate/pkg/rules/slice.go:208.2,215.3 1 0
proto.zip/studio/validate/pkg/rules/slice.go:220.69,227.2 1 0
proto.zip/studio/validate/pkg/rules/slice.go:231.77,233.2 1 0
proto.zip/studio/validate/pkg/rules/slice.go:237.46,239.2 1 0
proto.zip/studio/validate/pkg/rules/slice.go:242.49,245.17 2 0
proto.zip/studio/validate/pkg/rules/slice.go:245.17,246.26 1 0
proto.zip/studio/validate/pkg/rules/slice.go:246.26,248.4 1 0
proto.zip/studio/validate/pkg/rules/slice.go:248.9,248.38 1 0
proto.zip/studio/validate/pkg/rules/slice.go:248.38,250.4 1 0
proto.zip/studio/validate/pkg/rules/slice.go:253.2,253.27 1 0
proto.zip/studio/validate/pkg/rules/slice.go:253.27,255.3 1 0
proto.zip/studio/validate/pkg/rules/slice.go:256.2,256.14 1 0
proto.zip/studio/validate/pkg/rules/string.go:30.30,32.2 1 1
proto.zip/studio/validate/pkg/rules/string.go:36.53,44.2 1 0
proto.zip/studio/validate/pkg/rules/string.go:47.41,49.2 1 1
proto.zip/studio/validate/pkg/rules/string.go:53.55,61.2 1 0
proto.zip/studio/validate/pkg/rules/string.go:66.50,74.2 1 0
proto.zip/studio/validate/pkg/rules/string.go:78.104,80.85 1 1
proto.zip/studio/validate/pkg/rules/string.go:80.85,82.3 1 0
proto.zip/studio/validate/pkg/rules/string.go:85.2,86.44 2 1
proto.zip/studio/validate/pkg/rules/string.go:86.44,90.3 1 0
proto.zip/studio/validate/pkg/rules/string.go:93.2,95.26 2 1
proto.zip/studio/validate/pkg/rules/string.go:95.26,97.3 1 0
proto.zip/studio/validate/pkg/rules/string.go:99.2,100.18 2 1
proto.zip/studio/validate/pkg/rules/string.go:100.18,102.3 1 0
proto.zip/studio/validate/pkg/rules/string.go:105.2,108.38 2 1
proto.zip/studio/validate/pkg/rules/string.go:108.38,112.3 2 1
proto.zip/studio/validate/pkg/rules/string.go:115.2,115.35 1 0
proto.zip/studio/validate/pkg/rules/string.go:115.35,118.3 2 0
proto.zip/studio/validate/pkg/rules/string.go:120.2,122.3 1 0
proto.zip/studio/validate/pkg/rules/string.go:126.102,132.28 4 1
proto.zip/studio/validate/pkg/rules/string.go:132.28,133.33 1 1
proto.zip/studio/validate/pkg/rules/string.go:133.33,134.69 1 0
proto.zip/studio/validate/pkg/rules/string.go:134.69,136.5 1 0
proto.zip/studio/validate/pkg/rules/string.go:139.3,139.41 1 1
proto.zip/studio/validate/pkg/rules/string.go:142.2,142.24 1 1
proto.zip/studio/validate/pkg/rules/string.go:142.24,144.3 1 0
proto.zip/studio/validate/pkg/rules/string.go:144.8,146.3 1 1
proto.zip/studio/validate/pkg/rules/string.go:151.76,152.25 1 0
proto.zip/studio/validate/pkg/rules/string.go:152.25,155.34 1 0
proto.zip/studio/validate/pkg/rules/string.go:155.34,157.4 1 0
proto.zip/studio/validate/pkg/rules/string.go:161.2,161.27 1 0
proto.zip/studio/validate/pkg/rules/string.go:161.27,163.3 1 0
proto.zip/studio/validate/pkg/rules/string.go:165.2,167.33 2 0
proto.zip/studio/validate/pkg/rules/string.go:167.33,169.3 1 0
proto.zip/studio/validate/pkg/rules/string.go:171.2,178.3 1 0
proto.zip/studio/validate/pkg/rules/string.go:183.74,191.2 1 0
proto.zip/studio/validate/pkg/rules/string.go:195.76,197.2 1 0
proto.zip/studio/validate/pkg/rules/string.go:201.44,203.2 1 1
proto.zip/studio/validate/pkg/rules/string.go:206.47,209.40 2 0
proto.zip/studio/validate/pkg/rules/string.go:209.40,211.3 1 0
proto.zip/studio/validate/pkg/rules/string.go:213.2,213.27 1 0
proto.zip/studio/validate/pkg/rules/string.go:213.27,215.3 1 0
proto.zip/studio/validate/pkg/rules/string.go:216.2,216.14 1 0
proto.zip/studio/validate/pkg/rules/string_coerce.go:12.97,15.8 2 1
proto.zip/studio/validate/pkg/rules/string_coerce.go:15.8,17.3 1 0
proto.zip/studio/validate/pkg/rules/string_coerce.go:18.2,18.14 1 1
proto.zip/studio/validate/pkg/rules/string_coerce.go:18.14,20.3 1 0
proto.zip/studio/validate/pkg/rules/string_coerce.go:22.2,22.27 1 1
proto.zip/studio/validate/pkg/rules/string_coerce.go:23.11,24.30 1 0
proto.zip/studio/validate/pkg/rules/string_coerce.go:25.12,26.31 1 0
proto.zip/studio/validate/pkg/rules/string_coerce.go:27.13,28.39 1 0
proto.zip/studio/validate/pkg/rules/string_coerce.go:29.14,30.40 1 0
proto.zip/studio/validate/pkg/rules/string_coerce.go:31.15,32.35 1 1
proto.zip/studio/validate/pkg/rules/string_coerce.go:33.16,34.36 1 1
proto.zip/studio/validate/pkg/rules/string_coerce.go:35.15,36.17 1 0
proto.zip/studio/validate/pkg/rules/string_coerce.go:39.2,39.83 1 0
proto.zip/studio/validate/pkg/rules/string_rule_max.go:16.105,17.22 1 0
proto.zip/studio/validate/pkg/rules/string_rule_max.go:17.22,21.3 1 0
proto.zip/studio/validate/pkg/rules/string_rule_max.go:23.2,23.12 1 0
proto.zip/studio/validate/pkg/rules/string_rule_max.go:27.58,31.2 3 0
proto.zip/studio/validate/pkg/rules/string_rule_max.go:35.44,37.2 1 0
proto.zip/studio/validate/pkg/rules/string_rule_max.go:41.60,45.2 1 0
proto.zip/studio/validate/pkg/rules/string_rule_maxexclusive.go:16.114,17.23 1 0
proto.zip/studio/validate/pkg/rules/string_rule_maxexclusive.go:17.23,21.3 1 0
proto.zip/studio/validate/pkg/rules/string_rule_maxexclusive.go:23.2,23.12 1 0
proto.zip/studio/validate/pkg/rules/string_rule_maxexclusive.go:27.67,31.2 3 0
proto.zip/studio/validate/pkg/rules/string_rule_maxexclusive.go:35.53,37.2 1 0
proto.zip/studio/validate/pkg/rules/string_rule_maxexclusive.go:41.69,45.2 1 0
proto.zip/studio/validate/pkg/rules/string_rule_min.go:13.38,14.38 1 0
proto.zip/studio/validate/pkg/rules/string_rule_min.go:14.38,16.3 1 0
proto.zip/studio/validate/pkg/rules/string_rule_min.go:17.2,17.43 1 0
proto.zip/studio/validate/pkg/rules/string_rule_min.go:26.105,27.22 1 0
proto.zip/studio/validate/pkg/rules/string_rule_min.go:27.22,31.3 1 0
proto.zip/studio/validate/pkg/rules/string_rule_min.go:33.2,33.12 1 0
proto.zip/studio/validate/pkg/rules/string_rule_min.go:37.58,41.2 3 0
proto.zip/studio/validate/pkg/rules/string_rule_min.go:45.44,47.2 1 0
proto.zip/studio/validate/pkg/rules/string_rule_min.go:51.60,55.2 1 0
proto.zip/studio/validate/pkg/rules/string_rule_minexclusive.go:16.114,17.23 1 0
proto.zip/studio/validate/pkg/rules/string_rule_minexclusive.go:17.23,21.3 1 0
proto.zip/studio/validate/pkg/rules/string_rule_minexclusive.go:23.2,23.12 1 0
proto.zip/studio/validate/pkg/rules/string_rule_minexclusive.go:27.67,31.2 3 0
proto.zip/studio/validate/pkg/rules/string_rule_minexclusive.go:35.53,37.2 1 0
proto.zip/studio/validate/pkg/rules/string_rule_minexclusive.go:41.69,45.2 1 0
proto.zip/studio/validate/pkg/rules/string_rule_regex.go:19.102,20.34 1 0
proto.zip/studio/validate/pkg/rules/string_rule_regex.go:20.34,24.3 1 0
proto.zip/studio/validate/pkg/rules/string_rule_regex.go:26.2,26.12 1 0
proto.zip/studio/validate/pkg/rules/string_rule_regex.go:31.41,33.2 1 0
proto.zip/studio/validate/pkg/rules/string_rule_regex.go:39.79,41.2 1 0
proto.zip/studio/validate/pkg/rules/string_rule_regex.go:45.88,50.2 1 0
proto.zip/studio/validate/pkg/rules/string_rule_values.go:18.57,21.18 2 0
proto.zip/studio/validate/pkg/rules/string_rule_values.go:21.18,24.32 2 0
proto.zip/studio/validate/pkg/rules/string_rule_values.go:24.32,26.4 1 0
proto.zip/studio/validate/pkg/rules/string_rule_values.go:28.3,28.31 1 0
proto.zip/studio/validate/pkg/rules/string_rule_values.go:28.31,30.4 1 0
proto.zip/studio/validate/pkg/rules/string_rule_values.go:30.9,32.4 1 0
proto.zip/studio/validate/pkg/rules/string_rule_values.go:35.2,35.14 1 0
proto.zip/studio/validate/pkg/rules/string_rule_values.go:40.108,43.16 2 0
proto.zip/studio/validate/pkg/rules/string_rule_values.go:43.16,44.14 1 0
proto.zip/studio/validate/pkg/rules/string_rule_values.go:44.14,48.4 1 0
proto.zip/studio/validate/pkg/rules/string_rule_values.go:49.8,49.19 1 0
proto.zip/studio/validate/pkg/rules/string_rule_values.go:49.19,53.3 1 0
proto.zip/studio/validate/pkg/rules/string_rule_values.go:55.2,55.12 1 0
proto.zip/studio/validate/pkg/rules/string_rule_values.go:59.61,60.17 1 0
proto.zip/studio/validate/pkg/rules/string_rule_values.go:60.17,62.3 1 0
proto.zip/studio/validate/pkg/rules/string_rule_values.go:64.2,64.44 1 0
proto.zip/studio/validate/pkg/rules/string_rule_values.go:64.44,66.3 1 0
proto.zip/studio/validate/pkg/rules/string_rule_values.go:67.2,67.14 1 0
proto.zip/studio/validate/pkg/rules/string_rule_values.go:72.47,73.17 1 0
proto.zip/studio/validate/pkg/rules/string_rule_values.go:73.17,76.3 1 0
proto.zip/studio/validate/pkg/rules/string_rule_values.go:77.2,77.67 1 0
proto.zip/studio/validate/pkg/rules/string_rule_values.go:82.75,83.95 1 0
proto.zip/studio/validate/pkg/rules/string_rule_values.go:83.95,84.33 1 0
proto.zip/studio/validate/pkg/rules/string_rule_values.go:84.33,85.12 1 0
proto.zip/studio/validate/pkg/rules/string_rule_values.go:88.3,88.95 1 0
proto.zip/studio/validate/pkg/rules/string_rule_values.go:88.95,90.4 1 0
proto.zip/studio/validate/pkg/rules/string_rule_values.go:92.2,92.12 1 0
proto.zip/studio/validate/pkg/rules/string_rule_values.go:99.94,103.21 3 0
proto.zip/studio/validate/pkg/rules/string_rule_values.go:103.21,105.3 1 0
proto.zip/studio/validate/pkg/rules/string_rule_values.go:107.2,112.21 4 0
proto.zip/studio/validate/pkg/rules/string_rule_values.go:112.21,114.3 1 0
proto.zip/studio/validate/pkg/rules/string_rule_values.go:116.2,121.4 2 0
proto.zip/studio/validate/pkg/rules/string_rule_values.go:128.95,139.2 5 0
proto.zip/studio/validate/pkg/rules/wrap_any.go:31.58,36.2 1 1
proto.zip/studio/validate/pkg/rules/wrap_any.go:39.45,41.2 1 0
proto.zip/studio/validate/pkg/rules/wrap_any.go:48.63,56.2 1 0
proto.zip/studio/validate/pkg/rules/wrap_any.go:61.58,69.2 1 0
proto.zip/studio/validate/pkg/rules/wrap_any.go:73.108,79.28 4 1
proto.zip/studio/validate/pkg/rules/wrap_any.go:79.28,80.33 1 1
proto.zip/studio/validate/pkg/rules/wrap_any.go:80.33,81.69 1 0
proto.zip/studio/validate/pkg/rules/wrap_any.go:81.69,83.5 1 0
proto.zip/studio/validate/pkg/rules/wrap_any.go:86.3,86.41 1 1
proto.zip/studio/validate/pkg/rules/wrap_any.go:89.2,89.18 1 1
proto.zip/studio/validate/pkg/rules/wrap_any.go:95.108,97.85 1 1
proto.zip/studio/validate/pkg/rules/wrap_any.go:97.85,99.3 1 0
proto.zip/studio/validate/pkg/rules/wrap_any.go:101.2,104.24 3 1
proto.zip/studio/validate/pkg/rules/wrap_any.go:104.24,106.3 1 1
proto.zip/studio/validate/pkg/rules/wrap_any.go:108.2,108.24 1 1
proto.zip/studio/validate/pkg/rules/wrap_any.go:108.24,110.3 1 1
proto.zip/studio/validate/pkg/rules/wrap_any.go:110.8,112.3 1 1
proto.zip/studio/validate/pkg/rules/wrap_any.go:118.109,119.28 1 0
proto.zip/studio/validate/pkg/rules/wrap_any.go:119.28,123.25 3 0
proto.zip/studio/validate/pkg/rules/wrap_any.go:123.25,125.4 1 0
proto.zip/studio/validate/pkg/rules/wrap_any.go:127.3,127.26 1 0
proto.zip/studio/validate/pkg/rules/wrap_any.go:127.26,129.4 1 0
proto.zip/studio/validate/pkg/rules/wrap_any.go:129.9,131.4 1 0
proto.zip/studio/validate/pkg/rules/wrap_any.go:132.8,136.3 3 0
proto.zip/studio/validate/pkg/rules/wrap_any.go:143.73,151.2 1 0
proto.zip/studio/validate/pkg/rules/wrap_any.go:157.81,159.2 1 0
proto.zip/studio/validate/pkg/rules/wrap_any.go:162.48,164.2 1 1
proto.zip/studio/validate/pkg/rules/wrap_any.go:167.51,168.27 1 0
proto.zip/studio/validate/pkg/rules/wrap_any.go:168.27,171.18 2 0
proto.zip/studio/validate/pkg/rules/wrap_any.go:171.18,172.27 1 0
proto.zip/studio/validate/pkg/rules/wrap_any.go:172.27,174.5 1 0
proto.zip/studio/validate/pkg/rules/wrap_any.go:177.3,177.47 1 0
proto.zip/studio/validate/pkg/rules/wrap_any.go:180.2,180.42 1 0
